IMLib/build/outputs/logs/manifest-merger-debug-report.txt
-- Merging decision tree log ---
manifest
ADDED from YouYunYouXuan\IMLib\AndroidManifest.xml:1:1-100:12
INJECTED from YouYunYouXuan\IMLib\AndroidManifest.xml:1:1-100:12
INJECTED from YouYunYouXuan\IMLib\AndroidManifest.xml:1:1-100:12
INJECTED from YouYunYouXuan\IMLib\AndroidManifest.xml:1:1-100:12
INJECTED from YouYunYouXuan\IMLib\AndroidManifest.xml:1:1-100:12
INJECTED from YouYunYouXuan\IMLib\AndroidManifest.xml:1:1-100:12
INJECTED from YouYunYouXuan\IMLib\AndroidManifest.xml:1:1-100:12
	package
		ADDED from YouYunYouXuan\IMLib\AndroidManifest.xml:2:5-28
		INJECTED from YouYunYouXuan\IMLib\AndroidManifest.xml
		INJECTED from YouYunYouXuan\IMLib\AndroidManifest.xml
	android:versionName
		INJECTED from YouYunYouXuan\IMLib\AndroidManifest.xml
		ADDED from YouYunYouXuan\IMLib\AndroidManifest.xml:1:1-100:12
		INJECTED from YouYunYouXuan\IMLib\AndroidManifest.xml
	android:versionCode
		INJECTED from YouYunYouXuan\IMLib\AndroidManifest.xml
		ADDED from YouYunYouXuan\IMLib\AndroidManifest.xml:1:1-100:12
		INJECTED from YouYunYouXuan\IMLib\AndroidManifest.xml
	xmlns:android
		ADDED from YouYunYouXuan\IMLib\AndroidManifest.xml:1:11-69
uses-sdk
ADDED from YouYunYouXuan\IMLib\AndroidManifest.xml:4:5-6:41
INJECTED from YouYunYouXuan\IMLib\AndroidManifest.xml:4:5-6:41
INJECTED from YouYunYouXuan\IMLib\AndroidManifest.xml:4:5-6:41
INJECTED from YouYunYouXuan\IMLib\AndroidManifest.xml:4:5-6:41
INJECTED from YouYunYouXuan\IMLib\AndroidManifest.xml:4:5-6:41
	android:targetSdkVersion
		ADDED from YouYunYouXuan\IMLib\AndroidManifest.xml:6:9-38
		INJECTED from YouYunYouXuan\IMLib\AndroidManifest.xml
		INJECTED from YouYunYouXuan\IMLib\AndroidManifest.xml
	android:minSdkVersion
		ADDED from YouYunYouXuan\IMLib\AndroidManifest.xml:5:9-35
		INJECTED from YouYunYouXuan\IMLib\AndroidManifest.xml
		INJECTED from YouYunYouXuan\IMLib\AndroidManifest.xml
uses-permission#android.permission.WRITE_EXTERNAL_STORAGE
ADDED from YouYunYouXuan\IMLib\AndroidManifest.xml:8:5-81
	android:name
		ADDED from YouYunYouXuan\IMLib\AndroidManifest.xml:8:22-78
uses-permission#android.permission.INTERNET
ADDED from YouYunYouXuan\IMLib\AndroidManifest.xml:9:5-67
	android:name
		ADDED from YouYunYouXuan\IMLib\AndroidManifest.xml:9:22-64
uses-permission#android.permission.ACCESS_NETWORK_STATE
ADDED from YouYunYouXuan\IMLib\AndroidManifest.xml:10:5-79
	android:name
		ADDED from YouYunYouXuan\IMLib\AndroidManifest.xml:10:22-76
uses-permission#android.permission.ACCESS_WIFI_STATE
ADDED from YouYunYouXuan\IMLib\AndroidManifest.xml:11:5-76
	android:name
		ADDED from YouYunYouXuan\IMLib\AndroidManifest.xml:11:22-73
uses-permission#android.permission.READ_PHONE_STATE
ADDED from YouYunYouXuan\IMLib\AndroidManifest.xml:12:5-75
	android:name
		ADDED from YouYunYouXuan\IMLib\AndroidManifest.xml:12:22-72
uses-permission#android.permission.RECORD_AUDIO
ADDED from YouYunYouXuan\IMLib\AndroidManifest.xml:13:5-71
	android:name
		ADDED from YouYunYouXuan\IMLib\AndroidManifest.xml:13:22-68
uses-permission#android.permission.GET_TASKS
ADDED from YouYunYouXuan\IMLib\AndroidManifest.xml:14:5-68
	android:name
		ADDED from YouYunYouXuan\IMLib\AndroidManifest.xml:14:22-65
uses-permission#android.permission.WAKE_LOCK
ADDED from YouYunYouXuan\IMLib\AndroidManifest.xml:15:5-68
	android:name
		ADDED from YouYunYouXuan\IMLib\AndroidManifest.xml:15:22-65
uses-permission#android.permission.MODIFY_AUDIO_SETTINGS
ADDED from YouYunYouXuan\IMLib\AndroidManifest.xml:16:5-80
	android:name
		ADDED from YouYunYouXuan\IMLib\AndroidManifest.xml:16:22-77
uses-permission#android.permission.VIBRATE
ADDED from YouYunYouXuan\IMLib\AndroidManifest.xml:17:5-66
	android:name
		ADDED from YouYunYouXuan\IMLib\AndroidManifest.xml:17:22-63
uses-permission#android.permission.ACCESS_FINE_LOCATION
ADDED from YouYunYouXuan\IMLib\AndroidManifest.xml:18:5-79
	android:name
		ADDED from YouYunYouXuan\IMLib\AndroidManifest.xml:18:22-76
uses-permission#android.permission.RECEIVE_BOOT_COMPLETED
ADDED from YouYunYouXuan\IMLib\AndroidManifest.xml:19:5-81
	android:name
		ADDED from YouYunYouXuan\IMLib\AndroidManifest.xml:19:22-78
application
ADDED from YouYunYouXuan\IMLib\AndroidManifest.xml:21:5-98:19
meta-data#RONG_CLOUD_APP_KEY
ADDED from YouYunYouXuan\IMLib\AndroidManifest.xml:28:9-30:45
	android:value
		ADDED from YouYunYouXuan\IMLib\AndroidManifest.xml:30:13-42
	android:name
		ADDED from YouYunYouXuan\IMLib\AndroidManifest.xml:29:13-46
service#io.rong.imlib.ipc.RongService
ADDED from YouYunYouXuan\IMLib\AndroidManifest.xml:32:9-35:38
	android:process
		ADDED from YouYunYouXuan\IMLib\AndroidManifest.xml:35:13-35
	android:exported
		ADDED from YouYunYouXuan\IMLib\AndroidManifest.xml:34:13-36
	android:name
		ADDED from YouYunYouXuan\IMLib\AndroidManifest.xml:33:13-57
service#io.rong.imlib.ReConnectService
ADDED from YouYunYouXuan\IMLib\AndroidManifest.xml:37:9-40:72
	android:exported
		ADDED from YouYunYouXuan\IMLib\AndroidManifest.xml:39:13-36
	android:permission
		ADDED from YouYunYouXuan\IMLib\AndroidManifest.xml:40:13-69
	android:name
		ADDED from YouYunYouXuan\IMLib\AndroidManifest.xml:38:13-45
receiver#io.rong.imlib.ConnectChangeReceiver
ADDED from YouYunYouXuan\IMLib\AndroidManifest.xml:42:9-44:39
	android:exported
		ADDED from YouYunYouXuan\IMLib\AndroidManifest.xml:44:13-36
	android:name
		ADDED from YouYunYouXuan\IMLib\AndroidManifest.xml:43:13-63
receiver#io.rong.imlib.HeartbeatReceiver
ADDED from YouYunYouXuan\IMLib\AndroidManifest.xml:46:9-48:38
	android:process
		ADDED from YouYunYouXuan\IMLib\AndroidManifest.xml:48:13-35
	android:name
		ADDED from YouYunYouXuan\IMLib\AndroidManifest.xml:47:13-59
service#io.rong.push.core.PushRegistrationService
ADDED from YouYunYouXuan\IMLib\AndroidManifest.xml:55:9-58:72
	android:exported
		ADDED from YouYunYouXuan\IMLib\AndroidManifest.xml:57:13-36
	android:permission
		ADDED from YouYunYouXuan\IMLib\AndroidManifest.xml:58:13-69
	android:name
		ADDED from YouYunYouXuan\IMLib\AndroidManifest.xml:56:13-69
service#io.rong.push.core.MessageHandleService
ADDED from YouYunYouXuan\IMLib\AndroidManifest.xml:60:9-63:72
	android:exported
		ADDED from YouYunYouXuan\IMLib\AndroidManifest.xml:62:13-36
	android:permission
		ADDED from YouYunYouXuan\IMLib\AndroidManifest.xml:63:13-69
	android:name
		ADDED from YouYunYouXuan\IMLib\AndroidManifest.xml:61:13-66
service#io.rong.push.PushService
ADDED from YouYunYouXuan\IMLib\AndroidManifest.xml:66:9-70:46
	android:process
		ADDED from YouYunYouXuan\IMLib\AndroidManifest.xml:70:13-43
	android:exported
		ADDED from YouYunYouXuan\IMLib\AndroidManifest.xml:68:13-36
	android:permission
		ADDED from YouYunYouXuan\IMLib\AndroidManifest.xml:69:13-69
	android:name
		ADDED from YouYunYouXuan\IMLib\AndroidManifest.xml:67:13-52
receiver#io.rong.push.PushReceiver
ADDED from YouYunYouXuan\IMLib\AndroidManifest.xml:73:9-93:20
	android:process
		ADDED from YouYunYouXuan\IMLib\AndroidManifest.xml:75:13-43
	android:name
		ADDED from YouYunYouXuan\IMLib\AndroidManifest.xml:74:13-53
intent-filter#io.rong.push.intent.action.HEART_BEAT
ADDED from YouYunYouXuan\IMLib\AndroidManifest.xml:77:13-79:29
action#io.rong.push.intent.action.HEART_BEAT
ADDED from YouYunYouXuan\IMLib\AndroidManifest.xml:78:17-80
	android:name
		ADDED from YouYunYouXuan\IMLib\AndroidManifest.xml:78:25-77
intent-filter#android.net.conn.CONNECTIVITY_CHANGE
ADDED from YouYunYouXuan\IMLib\AndroidManifest.xml:81:13-83:29
action#android.net.conn.CONNECTIVITY_CHANGE
ADDED from YouYunYouXuan\IMLib\AndroidManifest.xml:82:17-79
	android:name
		ADDED from YouYunYouXuan\IMLib\AndroidManifest.xml:82:25-76
intent-filter#android.intent.action.BOOT_COMPLETED
ADDED from YouYunYouXuan\IMLib\AndroidManifest.xml:85:13-87:29
action#android.intent.action.BOOT_COMPLETED
ADDED from YouYunYouXuan\IMLib\AndroidManifest.xml:86:17-79
	android:name
		ADDED from YouYunYouXuan\IMLib\AndroidManifest.xml:86:25-76
intent-filter#android.intent.action.ACTION_POWER_CONNECTED+android.intent.action.ACTION_POWER_DISCONNECTED+android.intent.action.USER_PRESENT
ADDED from YouYunYouXuan\IMLib\AndroidManifest.xml:88:13-92:29
action#android.intent.action.USER_PRESENT
ADDED from YouYunYouXuan\IMLib\AndroidManifest.xml:89:17-77
	android:name
		ADDED from YouYunYouXuan\IMLib\AndroidManifest.xml:89:25-74
action#android.intent.action.ACTION_POWER_CONNECTED
ADDED from YouYunYouXuan\IMLib\AndroidManifest.xml:90:17-87
	android:name
		ADDED from YouYunYouXuan\IMLib\AndroidManifest.xml:90:25-84
action#android.intent.action.ACTION_POWER_DISCONNECTED
ADDED from YouYunYouXuan\IMLib\AndroidManifest.xml:91:17-90
	android:name
		ADDED from YouYunYouXuan\IMLib\AndroidManifest.xml:91:25-87